<?xml version="1.0" encoding="UTF-8" ?>
<testsuite tests="3" failures="0" name="log.LnTest" time="0.203" errors="0" skipped="0">
  <properties>
    <property name="idea.version" value="2022.2.2"/>
    <property name="java.runtime.name" value="OpenJDK Runtime Environment"/>
    <property name="java.vm.version" value="18.0.1+10-FR"/>
    <property name="sun.boot.library.path" value="C:\Users\ayuvasilev\.jdks\corretto-18.0.1\bin"/>
    <property name="maven.multiModuleProjectDirectory" value="C:\Users\ayuvasilev\Desktop\tpo-2"/>
    <property name="java.vm.vendor" value="Amazon.com Inc."/>
    <property name="java.vendor.url" value="https://aws.amazon.com/corretto/"/>
    <property name="guice.disable.misplaced.annotation.check" value="true"/>
    <property name="path.separator" value=";"/>
    <property name="java.vm.name" value="OpenJDK 64-Bit Server VM"/>
    <property name="sun.os.patch.level" value=""/>
    <property name="user.script" value=""/>
    <property name="user.country" value="RU"/>
    <property name="sun.java.launcher" value="SUN_STANDARD"/>
    <property name="java.vm.specification.name" value="Java Virtual Machine Specification"/>
    <property name="user.dir" value="C:\Users\ayuvasilev\Desktop\tpo-2"/>
    <property name="java.vm.compressedOopsMode" value="Zero based"/>
    <property name="java.runtime.version" value="18.0.1+10-FR"/>
    <property name="os.arch" value="amd64"/>
    <property name="java.io.tmpdir" value="C:\Users\AYUVAS~1\AppData\Local\Temp\"/>
    <property name="line.separator" value="
"/>
    <property name="java.vm.specification.vendor" value="Oracle Corporation"/>
    <property name="user.variant" value=""/>
    <property name="os.name" value="Windows 10"/>
    <property name="maven.ext.class.path" value="C:\Users\ayuvasilev\AppData\Local\JetBrains\Toolbox\apps\IDEA-U\ch-0\222.4167.29\plugins\maven\lib\maven-event-listener.jar"/>
    <property name="classworlds.conf" value="C:\Users\ayuvasilev\AppData\Local\JetBrains\Toolbox\apps\IDEA-U\ch-0\222.4167.29\plugins\maven\lib\maven3\bin\m2.conf"/>
    <property name="sun.jnu.encoding" value="Cp1251"/>
    <property name="java.library.path" value="C:\Users\ayuvasilev\.jdks\corretto-18.0.1\bin;C:\windows\Sun\Java\bin;C:\windows\system32;C:\windows;C:\Program Files\Common Files\Oracle\Java\javapath;C:\windows\system32;C:\windows;C:\windows\System32\Wbem;C:\windows\System32\WindowsPowerShell\v1.0\;C:\windows\System32\OpenSSH\;C:\Program Files\SafeNet\Authentication\SAC\x64;C:\Program Files\SafeNet\Authentication\SAC\x32;C:\Program Files\Git\cmd;C:\mingw64\bin;;C:\Program Files\Docker\Docker\resources\bin;C:\ProgramData\DockerDesktop\version-bin;C:\Program Files (x86)\Kaspersky Lab\Endpoint Agent\;C:\Program Files\PuTTY\;C:\Program Files\dotnet\;C:\Users\ayuvasilev\AppData\Local\Programs\Python\Python310\Scripts\;C:\Users\ayuvasilev\AppData\Local\Programs\Python\Python310\;C:\Users\ayuvasilev\AppData\Local\Microsoft\WindowsApps;C:\Users\ayuvasilev\AppData\Local\JetBrains\Toolbox\scripts;."/>
    <property name="maven.conf" value="C:\Users\ayuvasilev\AppData\Local\JetBrains\Toolbox\apps\IDEA-U\ch-0\222.4167.29\plugins\maven\lib\maven3/conf"/>
    <property name="jdk.debug" value="release"/>
    <property name="java.class.version" value="62.0"/>
    <property name="java.specification.name" value="Java Platform API Specification"/>
    <property name="sun.management.compiler" value="HotSpot 64-Bit Tiered Compilers"/>
    <property name="os.version" value="10.0"/>
    <property name="user.home" value="C:\Users\ayuvasilev"/>
    <property name="user.timezone" value="Europe/Moscow"/>
    <property name="file.encoding" value="UTF-8"/>
    <property name="java.specification.version" value="18"/>
    <property name="user.name" value="AYUVasilev"/>
    <property name="java.class.path" value="C:\Users\ayuvasilev\AppData\Local\JetBrains\Toolbox\apps\IDEA-U\ch-0\222.4167.29\plugins\maven\lib\maven3\boot\plexus-classworlds-2.6.0.jar;C:\Users\ayuvasilev\AppData\Local\JetBrains\Toolbox\apps\IDEA-U\ch-0\222.4167.29\plugins\maven\lib\maven3\boot\plexus-classworlds.license"/>
    <property name="java.vm.specification.version" value="18"/>
    <property name="sun.arch.data.model" value="64"/>
    <property name="sun.java.command" value="org.codehaus.classworlds.Launcher -Didea.version=2022.2.2 install"/>
    <property name="java.home" value="C:\Users\ayuvasilev\.jdks\corretto-18.0.1"/>
    <property name="user.language" value="ru"/>
    <property name="java.specification.vendor" value="Oracle Corporation"/>
    <property name="java.vm.info" value="mixed mode, sharing"/>
    <property name="java.version" value="18.0.1"/>
    <property name="native.encoding" value="Cp1251"/>
    <property name="java.vendor" value="Amazon.com Inc."/>
    <property name="sun.stderr.encoding" value="UTF-8"/>
    <property name="maven.home" value="C:\Users\ayuvasilev\AppData\Local\JetBrains\Toolbox\apps\IDEA-U\ch-0\222.4167.29\plugins\maven\lib\maven3"/>
    <property name="file.separator" value="\"/>
    <property name="java.version.date" value="2022-04-19"/>
    <property name="java.vendor.url.bug" value="https://github.com/corretto/corretto-18/issues/"/>
    <property name="sun.io.unicode.encoding" value="UnicodeLittle"/>
    <property name="sun.cpu.endian" value="little"/>
    <property name="java.vendor.version" value="Corretto-18.0.1.10.1"/>
    <property name="sun.stdout.encoding" value="UTF-8"/>
    <property name="sun.cpu.isalist" value="amd64"/>
  </properties>
  <testcase classname="log.LnTest" name="log.LnTest.testPositiveInfValue" time="0.05"/>
  <testcase classname="log.LnTest" name="log.LnTest.testNegativeInfValue" time="0.14"/>
  <testcase classname="log.LnTest" name="log.LnTest.testNanValue" time="0.013"/>
</testsuite>